-------------------------------------------------------------------------------
Test set: com.ontariotechu.sofe3980U.BinaryTest
-------------------------------------------------------------------------------
Tests run: 12, Failures: 1, Errors: 0, Skipped: 0, Time elapsed: 0.001 s <<< FAILURE! - in com.ontariotechu.sofe3980U.BinaryTest
or(com.ontariotechu.sofe3980U.BinaryTest)  Time elapsed: 0 s  <<< FAILURE!
java.lang.AssertionError
	at com.ontariotechu.sofe3980U.BinaryTest.or(BinaryTest.java:130)

